  Game.cpp
c:\users\lenovo\documents\visual studio 2013\projects\shinemodel\shinemodel\game.cpp(63): warning C4800: “int”: 将值强制为布尔值“true”或“false”(性能警告)
c:\users\lenovo\documents\visual studio 2013\projects\shinemodel\shinemodel\game.cpp(76): warning C4244: “初始化”: 从“double”转换到“float”，可能丢失数据
  SOIL.lib(SOIL.obj) : 找到 MSIL .netmodule 或使用 /GL 编译的模块；正在使用 /LTCG 重新启动链接；将 /LTCG 添加到链接命令行以改进链接器性能
LINK : warning LNK4075: 忽略“/INCREMENTAL”(由于“/LTCG”规范)
Body.obj : warning LNK4075: 忽略“/EDITANDCONTINUE”(由于“/OPT:LBR”规范)
LINK : warning LNK4098: 默认库“MSVCRT”与其他库的使用冲突；请使用 /NODEFAULTLIB:library
LINK : warning LNK4098: 默认库“LIBCMT”与其他库的使用冲突；请使用 /NODEFAULTLIB:library
  正在生成代码
  已完成代码的生成
Gun.obj : warning LNK4049: 已导入本地定义的符号 ___glewActiveTexture
Shape.obj : warning LNK4049: 已导入本地定义的符号 ___glewActiveTexture
Gun.obj : warning LNK4049: 已导入本地定义的符号 ___glewBindBuffer
Shape.obj : warning LNK4049: 已导入本地定义的符号 ___glewBindBuffer
Gun.obj : warning LNK4049: 已导入本地定义的符号 ___glewBufferData
Shape.obj : warning LNK4049: 已导入本地定义的符号 ___glewBufferData
Gun.obj : warning LNK4049: 已导入本地定义的符号 ___glewGenBuffers
Shape.obj : warning LNK4049: 已导入本地定义的符号 ___glewGenBuffers
Gun.obj : warning LNK4049: 已导入本地定义的符号 ___glewEnableVertexAttribArray
Shape.obj : warning LNK4049: 已导入本地定义的符号 ___glewEnableVertexAttribArray
Gun.obj : warning LNK4049: 已导入本地定义的符号 ___glewGetUniformLocation
Shape.obj : warning LNK4049: 已导入本地定义的符号 ___glewGetUniformLocation
Gun.obj : warning LNK4049: 已导入本地定义的符号 ___glewUniform1f
Shape.obj : warning LNK4049: 已导入本地定义的符号 ___glewUniform1f
Gun.obj : warning LNK4049: 已导入本地定义的符号 ___glewUniform1i
Shape.obj : warning LNK4049: 已导入本地定义的符号 ___glewUniform1i
Gun.obj : warning LNK4049: 已导入本地定义的符号 ___glewUniformMatrix4fv
Shape.obj : warning LNK4049: 已导入本地定义的符号 ___glewUniformMatrix4fv
Gun.obj : warning LNK4049: 已导入本地定义的符号 ___glewVertexAttribPointer
Shape.obj : warning LNK4049: 已导入本地定义的符号 ___glewVertexAttribPointer
Gun.obj : warning LNK4049: 已导入本地定义的符号 ___glewBindVertexArray
Shape.obj : warning LNK4049: 已导入本地定义的符号 ___glewBindVertexArray
Gun.obj : warning LNK4049: 已导入本地定义的符号 ___glewGenVertexArrays
Shape.obj : warning LNK4049: 已导入本地定义的符号 ___glewGenVertexArrays
Model.obj : warning LNK4049: 已导入本地定义的符号 ___glewGenerateMipmap
Shape.obj : warning LNK4049: 已导入本地定义的符号 ___glewGenerateMipmap
Shader.obj : warning LNK4049: 已导入本地定义的符号 ___glewAttachShader
Shader.obj : warning LNK4049: 已导入本地定义的符号 ___glewCompileShader
Shader.obj : warning LNK4049: 已导入本地定义的符号 ___glewCreateProgram
Shader.obj : warning LNK4049: 已导入本地定义的符号 ___glewCreateShader
Shader.obj : warning LNK4049: 已导入本地定义的符号 ___glewDeleteShader
Shader.obj : warning LNK4049: 已导入本地定义的符号 ___glewGetProgramInfoLog
Shader.obj : warning LNK4049: 已导入本地定义的符号 ___glewGetProgramiv
Shader.obj : warning LNK4049: 已导入本地定义的符号 ___glewGetShaderInfoLog
Shader.obj : warning LNK4049: 已导入本地定义的符号 ___glewGetShaderiv
Shader.obj : warning LNK4049: 已导入本地定义的符号 ___glewLinkProgram
Shader.obj : warning LNK4049: 已导入本地定义的符号 ___glewShaderSource
Shader.obj : warning LNK4049: 已导入本地定义的符号 ___glewUseProgram
Shape.obj : warning LNK4049: 已导入本地定义的符号 ___glewUniform3fv
SOIL.lib(SOIL.obj) : warning LNK4099: 未找到 PDB“vc120.pdb”(使用“SOIL.lib(SOIL.obj)”或在“C:\Users\lenovo\Documents\Visual Studio 2013\Projects\ShineModel\Debug\vc120.pdb”中寻找)；正在链接对象，如同没有调试信息一样
SOIL.lib(stb_image_aug.obj) : warning LNK4099: 未找到 PDB“vc120.pdb”(使用“SOIL.lib(stb_image_aug.obj)”或在“C:\Users\lenovo\Documents\Visual Studio 2013\Projects\ShineModel\Debug\vc120.pdb”中寻找)；正在链接对象，如同没有调试信息一样
SOIL.lib(image_helper.obj) : warning LNK4099: 未找到 PDB“vc120.pdb”(使用“SOIL.lib(image_helper.obj)”或在“C:\Users\lenovo\Documents\Visual Studio 2013\Projects\ShineModel\Debug\vc120.pdb”中寻找)；正在链接对象，如同没有调试信息一样
SOIL.lib(image_DXT.obj) : warning LNK4099: 未找到 PDB“vc120.pdb”(使用“SOIL.lib(image_DXT.obj)”或在“C:\Users\lenovo\Documents\Visual Studio 2013\Projects\ShineModel\Debug\vc120.pdb”中寻找)；正在链接对象，如同没有调试信息一样
glew32s.lib(glew.obj) : warning LNK4099: 未找到 PDB“vc100.pdb”(使用“glew32s.lib(glew.obj)”或在“C:\Users\lenovo\Documents\Visual Studio 2013\Projects\ShineModel\Debug\vc100.pdb”中寻找)；正在链接对象，如同没有调试信息一样
  ShineModel.vcxproj -> C:\Users\lenovo\Documents\Visual Studio 2013\Projects\ShineModel\Debug\ShineModel.exe
